# JRE version: OpenJDK Runtime Environment (8.0_76-b03) (build 1.8.0_76-release-b03)
# Java VM: OpenJDK 64-Bit Server VM (25.76-b03 mixed mode linux-amd64 compressed oops)
Heap:
 PSYoungGen      total 70144K, used 8673K [0x00000000f6400000, 0x00000000fb300000, 0x0000000100000000)
  eden space 61440K, 0% used [0x00000000f6400000,0x00000000f6400000,0x00000000fa000000)
  from space 8704K, 99% used [0x00000000fa000000,0x00000000fa8785b0,0x00000000fa880000)
  to   space 6656K, 0% used [0x00000000fa880000,0x00000000fa880000,0x00000000faf00000)
 ParOldGen       total 20480K, used 20246K [0x00000000e2c00000, 0x00000000e4000000, 0x00000000f6400000)
  object space 20480K, 98% used [0x00000000e2c00000,0x00000000e3fc5ad8,0x00000000e4000000)
 Metaspace       used 3661K, capacity 5144K, committed 5376K, reserved 1056768K
  class space    used 376K, capacity 456K, committed 512K, reserved 1048576K
GC Heap History (10 events):
Event: 3.384 GC heap after
Heap after GC invocations=4 (full 0):
 PSYoungGen      total 17408K, used 992K [0x00000000f6400000, 0x00000000f7600000, 0x0000000100000000)
  eden space 16384K, 0% used [0x00000000f6400000,0x00000000f6400000,0x00000000f7400000)
  from space 1024K, 96% used [0x00000000f7500000,0x00000000f75f81c0,0x00000000f7600000)
  to   space 1024K, 0% used [0x00000000f7400000,0x00000000f7400000,0x00000000f7500000)
 ParOldGen       total 20480K, used 3117K [0x00000000e2c00000, 0x00000000e4000000, 0x00000000f6400000)
  object space 20480K, 15% used [0x00000000e2c00000,0x00000000e2f0b788,0x00000000e4000000)
 Metaspace       used 3627K, capacity 5144K, committed 5376K, reserved 1056768K
  class space    used 372K, capacity 456K, committed 512K, reserved 1048576K
}
Event: 3.644 GC heap before
{Heap before GC invocations=5 (full 0):
 PSYoungGen      total 17408K, used 17376K [0x00000000f6400000, 0x00000000f7600000, 0x0000000100000000)
  eden space 16384K, 100% used [0x00000000f6400000,0x00000000f7400000,0x00000000f7400000)
  from space 1024K, 96% used [0x00000000f7500000,0x00000000f75f81c0,0x00000000f7600000)
  to   space 1024K, 0% used [0x00000000f7400000,0x00000000f7400000,0x00000000f7500000)
 ParOldGen       total 20480K, used 3117K [0x00000000e2c00000, 0x00000000e4000000, 0x00000000f6400000)
  object space 20480K, 15% used [0x00000000e2c00000,0x00000000e2f0b788,0x00000000e4000000)
 Metaspace       used 3656K, capacity 5144K, committed 5376K, reserved 1056768K
  class space    used 376K, capacity 456K, committed 512K, reserved 1048576K
Event: 3.676 GC heap after
Heap after GC invocations=5 (full 0):
 PSYoungGen      total 17408K, used 1008K [0x00000000f6400000, 0x00000000f8a00000, 0x0000000100000000)
  eden space 16384K, 0% used [0x00000000f6400000,0x00000000f6400000,0x00000000f7400000)
  from space 1024K, 98% used [0x00000000f7400000,0x00000000f74fc050,0x00000000f7500000)
  to   space 3072K, 0% used [0x00000000f8700000,0x00000000f8700000,0x00000000f8a00000)
 ParOldGen       total 20480K, used 5445K [0x00000000e2c00000, 0x00000000e4000000, 0x00000000f6400000)
  object space 20480K, 26% used [0x00000000e2c00000,0x00000000e3151490,0x00000000e4000000)
 Metaspace       used 3656K, capacity 5144K, committed 5376K, reserved 1056768K
  class space    used 376K, capacity 456K, committed 512K, reserved 1048576K
}
Event: 3.821 GC heap before
{Heap before GC invocations=6 (full 0):
 PSYoungGen      total 17408K, used 17392K [0x00000000f6400000, 0x00000000f8a00000, 0x0000000100000000)
  eden space 16384K, 100% used [0x00000000f6400000,0x00000000f7400000,0x00000000f7400000)
  from space 1024K, 98% used [0x00000000f7400000,0x00000000f74fc050,0x00000000f7500000)
  to   space 3072K, 0% used [0x00000000f8700000,0x00000000f8700000,0x00000000f8a00000)
 ParOldGen       total 20480K, used 5445K [0x00000000e2c00000, 0x00000000e4000000, 0x00000000f6400000)
  object space 20480K, 26% used [0x00000000e2c00000,0x00000000e3151490,0x00000000e4000000)
 Metaspace       used 3661K, capacity 5144K, committed 5376K, reserved 1056768K
  class space    used 376K, capacity 456K, committed 512K, reserved 1048576K
Event: 3.844 GC heap after
Heap after GC invocations=6 (full 0):
 PSYoungGen      total 34816K, used 3045K [0x00000000f6400000, 0x00000000f8c00000, 0x0000000100000000)
  eden space 31744K, 0% used [0x00000000f6400000,0x00000000f6400000,0x00000000f8300000)
  from space 3072K, 99% used [0x00000000f8700000,0x00000000f89f9618,0x00000000f8a00000)
  to   space 4096K, 0% used [0x00000000f8300000,0x00000000f8300000,0x00000000f8700000)
 ParOldGen       total 20480K, used 6225K [0x00000000e2c00000, 0x00000000e4000000, 0x00000000f6400000)
  object space 20480K, 30% used [0x00000000e2c00000,0x00000000e32146d8,0x00000000e4000000)
 Metaspace       used 3661K, capacity 5144K, committed 5376K, reserved 1056768K
  class space    used 376K, capacity 456K, committed 512K, reserved 1048576K
}
Event: 4.487 GC heap before
{Heap before GC invocations=7 (full 0):
 PSYoungGen      total 34816K, used 34789K [0x00000000f6400000, 0x00000000f8c00000, 0x0000000100000000)
  eden space 31744K, 100% used [0x00000000f6400000,0x00000000f8300000,0x00000000f8300000)
  from space 3072K, 99% used [0x00000000f8700000,0x00000000f89f9618,0x00000000f8a00000)
  to   space 4096K, 0% used [0x00000000f8300000,0x00000000f8300000,0x00000000f8700000)
 ParOldGen       total 20480K, used 6225K [0x00000000e2c00000, 0x00000000e4000000, 0x00000000f6400000)
  object space 20480K, 30% used [0x00000000e2c00000,0x00000000e32146d8,0x00000000e4000000)
 Metaspace       used 3661K, capacity 5144K, committed 5376K, reserved 1056768K
  class space    used 376K, capacity 456K, committed 512K, reserved 1048576K
Event: 4.579 GC heap after
Heap after GC invocations=7 (full 0):
 PSYoungGen      total 35840K, used 4064K [0x00000000f6400000, 0x00000000faf00000, 0x0000000100000000)
  eden space 31744K, 0% used [0x00000000f6400000,0x00000000f6400000,0x00000000f8300000)
  from space 4096K, 99% used [0x00000000f8300000,0x00000000f86f8030,0x00000000f8700000)
  to   space 6656K, 0% used [0x00000000fa880000,0x00000000fa880000,0x00000000faf00000)
 ParOldGen       total 20480K, used 9663K [0x00000000e2c00000, 0x00000000e4000000, 0x00000000f6400000)
  object space 20480K, 47% used [0x00000000e2c00000,0x00000000e356fc78,0x00000000e4000000)
 Metaspace       used 3661K, capacity 5144K, committed 5376K, reserved 1056768K
  class space    used 376K, capacity 456K, committed 512K, reserved 1048576K
}
Event: 5.587 GC heap before
{Heap before GC invocations=8 (full 0):
 PSYoungGen      total 35840K, used 35808K [0x00000000f6400000, 0x00000000faf00000, 0x0000000100000000)
  eden space 31744K, 100% used [0x00000000f6400000,0x00000000f8300000,0x00000000f8300000)
  from space 4096K, 99% used [0x00000000f8300000,0x00000000f86f8030,0x00000000f8700000)
  to   space 6656K, 0% used [0x00000000fa880000,0x00000000fa880000,0x00000000faf00000)
 ParOldGen       total 20480K, used 9663K [0x00000000e2c00000, 0x00000000e4000000, 0x00000000f6400000)
  object space 20480K, 47% used [0x00000000e2c00000,0x00000000e356fc78,0x00000000e4000000)
 Metaspace       used 3661K, capacity 5144K, committed 5376K, reserved 1056768K
  class space    used 376K, capacity 456K, committed 512K, reserved 1048576K
Event: 5.624 GC heap after
Heap after GC invocations=8 (full 0):
 PSYoungGen      total 68096K, used 6624K [0x00000000f6400000, 0x00000000fb300000, 0x0000000100000000)
  eden space 61440K, 0% used [0x00000000f6400000,0x00000000f6400000,0x00000000fa000000)
  from space 6656K, 99% used [0x00000000fa880000,0x00000000faef8030,0x00000000faf00000)
  to   space 8704K, 0% used [0x00000000fa000000,0x00000000fa000000,0x00000000fa880000)
 ParOldGen       total 20480K, used 12396K [0x00000000e2c00000, 0x00000000e4000000, 0x00000000f6400000)
  object space 20480K, 60% used [0x00000000e2c00000,0x00000000e381b288,0x00000000e4000000)
 Metaspace       used 3661K, capacity 5144K, committed 5376K, reserved 1056768K
  class space    used 376K, capacity 456K, committed 512K, reserved 1048576K
}
Event: 6.637 GC heap before
{Heap before GC invocations=9 (full 0):
 PSYoungGen      total 68096K, used 68064K [0x00000000f6400000, 0x00000000fb300000, 0x0000000100000000)
  eden space 61440K, 100% used [0x00000000f6400000,0x00000000fa000000,0x00000000fa000000)
  from space 6656K, 99% used [0x00000000fa880000,0x00000000faef8030,0x00000000faf00000)
  to   space 8704K, 0% used [0x00000000fa000000,0x00000000fa000000,0x00000000fa880000)
 ParOldGen       total 20480K, used 12396K [0x00000000e2c00000, 0x00000000e4000000, 0x00000000f6400000)
  object space 20480K, 60% used [0x00000000e2c00000,0x00000000e381b288,0x00000000e4000000)
 Metaspace       used 3661K, capacity 5144K, committed 5376K, reserved 1056768K
  class space    used 376K, capacity 456K, committed 512K, reserved 1048576K

